<?xml version="1.0" encoding="UTF-8"?>
<!-- Generated by org.testng.reporters.JUnitReportReporter -->
<testsuite hostname="sai-PC" name="com.cucumber_io_testng.TestngRunner" tests="1" failures="0" timestamp="4 Mar 2020 17:07:12 GMT" time="0.051" errors="0">
  <testcase name="feature" time="0.051" classname="com.cucumber_io_testng.TestngRunner"/>
</testsuite> <!-- com.cucumber_io_testng.TestngRunner -->
